2026-01-09 00:41:01 - Agent 8: Merged PR #295 (STREAMLIT-TEST-001)

---
## Operation 4: Merge PR #297 (FIX-001)
**Timestamp:** 2026-01-08T20:08Z
**Agent:** Agent 8 (via Agent 6)
**Branch:** task/FIX-001 → main
**Type:** PR Merge (Squash)
**Risk:** LOW (audit fixes, all CI passing)

**PR Details:**
- **Number:** #297
- **Title:** FIX-001: Fix cost optimizer critical issues
- **Commits:** 11 (squashed)
- **Files Changed:** 5 (+1,533 lines)
- **CI Status:** ✅ All checks passing

**Changes:**
- Fixed session state handling in cost optimizer
- Fixed bar_alternatives AttributeError
- Fixed tension_steel undefined variable
- Added comprehensive audit documentation (3 files)

**Verification:**
```bash
gh pr view 297 --json statusCheckRollup  # All SUCCESS
gh pr merge 297 --squash --delete-branch  # Merged
git switch main && git pull --ff-only     # Synced locally
```

**Result:** ✅ SUCCESS
- Merged at commit: 4d65a00
- Branch task/FIX-001 deleted (local + remote)
- Main branch fast-forwarded (db8f27a → 4d65a00)
